<?xml version="1.0" encoding="UTF-8"?>
<!-- Generated by org.testng.reporters.JUnitXMLReporter -->
<testsuite ignored="7" hostname="EC2AMAZ-S11DBRH" failures="0" tests="4" name="Test" time="0.071" errors="0" timestamp="2023-07-18T07:08:55 GMT">
  <testcase classname="testNGSamplesB834.SampleTestFour" name="testFour" time="0.01"/>
  <testcase classname="testNGSamplesB834.SampleTestFour" name="testThree" time="0.002"/>
  <testcase classname="testNGSamplesB834.SampleTest3" name="testFour" time="0.002"/>
  <testcase classname="testNGSamplesB834.SampleTest3" name="testThree" time="0.003"/>
  <testcase classname="testNGSamplesB834.SampleTest3" name="testOne" time="0.0">
    <ignored/>
  </testcase> <!-- testOne -->
  <testcase classname="testNGSamplesB834.TestScript" name="JavaTutorial" time="0.0">
    <ignored/>
  </testcase> <!-- JavaTutorial -->
  <testcase classname="testNGSamplesB834.TestScript" name="Selenium" time="0.0">
    <ignored/>
  </testcase> <!-- Selenium -->
  <testcase classname="testNGSamplesB834.SampleTwo" name="cypressSearch" time="0.0">
    <ignored/>
  </testcase> <!-- cypressSearch -->
  <testcase classname="testNGSamplesB834.SampleTest3" name="testTwo" time="0.0">
    <ignored/>
  </testcase> <!-- testTwo -->
  <testcase classname="testNGSamplesB834.SampleTestFour" name="testOne" time="0.0">
    <ignored/>
  </testcase> <!-- testOne -->
  <testcase classname="testNGSamplesB834.SampleTestFour" name="testTwo" time="0.0">
    <ignored/>
  </testcase> <!-- testTwo -->
</testsuite> <!-- Test -->
