<?xml version="1.0" encoding="UTF-8"?>
<testng-results ignored="0" total="9" passed="9" failed="0" skipped="0">
  <reporter-output>
  </reporter-output>
  <suite started-at="2023-07-18T08:15:10 GMT" name="Suite" finished-at="2023-07-18T08:15:10 GMT" duration-ms="118">
    <groups>
    </groups>
    <test started-at="2023-07-18T08:15:10 GMT" name="ModuleTest" finished-at="2023-07-18T08:15:10 GMT" duration-ms="118">
      <class name="parallelExecution.SampleTestThree">
        <test-method signature="f()[pri:0, instance:parallelExecution.SampleTestThree@223aa2f7]" started-at="2023-07-18T08:15:10 GMT" name="f" finished-at="2023-07-18T08:15:10 GMT" duration-ms="1" status="PASS">
          <reporter-output>
          </reporter-output>
        </test-method> <!-- f -->
      </class> <!-- parallelExecution.SampleTestThree -->
    </test> <!-- ModuleTest -->
    <test started-at="2023-07-18T08:15:10 GMT" name="ModuleOneTest" finished-at="2023-07-18T08:15:10 GMT" duration-ms="81">
      <class name="parallelExecution.SampleOneTest">
        <test-method signature="testFour()[pri:0, instance:parallelExecution.SampleOneTest@c333c60]" started-at="2023-07-18T08:15:10 GMT" name="testFour" finished-at="2023-07-18T08:15:10 GMT" duration-ms="9" status="PASS">
          <reporter-output>
          </reporter-output>
        </test-method> <!-- testFour -->
        <test-method signature="testOne()[pri:0, instance:parallelExecution.SampleOneTest@c333c60]" started-at="2023-07-18T08:15:10 GMT" name="testOne" finished-at="2023-07-18T08:15:10 GMT" duration-ms="2" status="PASS">
          <reporter-output>
          </reporter-output>
        </test-method> <!-- testOne -->
        <test-method signature="testTwo()[pri:0, instance:parallelExecution.SampleOneTest@c333c60]" started-at="2023-07-18T08:15:10 GMT" name="testTwo" finished-at="2023-07-18T08:15:10 GMT" duration-ms="3" status="PASS">
          <reporter-output>
          </reporter-output>
        </test-method> <!-- testTwo -->
        <test-method signature="testthree()[pri:0, instance:parallelExecution.SampleOneTest@c333c60]" started-at="2023-07-18T08:15:10 GMT" name="testthree" finished-at="2023-07-18T08:15:10 GMT" duration-ms="2" status="PASS">
          <reporter-output>
          </reporter-output>
        </test-method> <!-- testthree -->
      </class> <!-- parallelExecution.SampleOneTest -->
      <class name="parallelExecution.SampleTestTwo">
        <test-method signature="testFour()[pri:0, instance:parallelExecution.SampleTestTwo@79da8dc5]" started-at="2023-07-18T08:15:10 GMT" name="testFour" finished-at="2023-07-18T08:15:10 GMT" duration-ms="2" status="PASS">
          <reporter-output>
          </reporter-output>
        </test-method> <!-- testFour -->
        <test-method signature="testOne()[pri:0, instance:parallelExecution.SampleTestTwo@79da8dc5]" started-at="2023-07-18T08:15:10 GMT" name="testOne" finished-at="2023-07-18T08:15:10 GMT" duration-ms="2" status="PASS">
          <reporter-output>
          </reporter-output>
        </test-method> <!-- testOne -->
        <test-method signature="testThree()[pri:0, instance:parallelExecution.SampleTestTwo@79da8dc5]" started-at="2023-07-18T08:15:10 GMT" name="testThree" finished-at="2023-07-18T08:15:10 GMT" duration-ms="1" status="PASS">
          <reporter-output>
          </reporter-output>
        </test-method> <!-- testThree -->
        <test-method signature="testTwo()[pri:0, instance:parallelExecution.SampleTestTwo@79da8dc5]" started-at="2023-07-18T08:15:10 GMT" name="testTwo" finished-at="2023-07-18T08:15:10 GMT" duration-ms="2" status="PASS">
          <reporter-output>
          </reporter-output>
        </test-method> <!-- testTwo -->
      </class> <!-- parallelExecution.SampleTestTwo -->
    </test> <!-- ModuleOneTest -->
  </suite> <!-- Suite -->
</testng-results>
