<?xml version="1.0" encoding="UTF-8"?>
<testng-results ignored="7" total="11" passed="4" failed="0" skipped="0">
  <reporter-output>
  </reporter-output>
  <suite started-at="2023-07-18T07:08:54 GMT" name="Suite" finished-at="2023-07-18T07:08:55 GMT" duration-ms="71">
    <groups>
    </groups>
    <test started-at="2023-07-18T07:08:54 GMT" name="Test" finished-at="2023-07-18T07:08:55 GMT" duration-ms="71">
      <class name="testNGSamplesB834.SampleTestFour">
        <test-method signature="testFour()[pri:0, instance:testNGSamplesB834.SampleTestFour@31e5415e]" started-at="2023-07-18T07:08:55 GMT" name="testFour" finished-at="2023-07-18T07:08:55 GMT" duration-ms="10" status="PASS">
          <reporter-output>
          </reporter-output>
        </test-method> <!-- testFour -->
        <test-method signature="testThree()[pri:0, instance:testNGSamplesB834.SampleTestFour@31e5415e]" started-at="2023-07-18T07:08:55 GMT" name="testThree" finished-at="2023-07-18T07:08:55 GMT" duration-ms="2" status="PASS">
          <reporter-output>
          </reporter-output>
        </test-method> <!-- testThree -->
      </class> <!-- testNGSamplesB834.SampleTestFour -->
      <class name="testNGSamplesB834.SampleTest3">
        <test-method signature="testFour()[pri:0, instance:testNGSamplesB834.SampleTest3@a2431d0]" started-at="2023-07-18T07:08:55 GMT" name="testFour" finished-at="2023-07-18T07:08:55 GMT" duration-ms="2" status="PASS">
          <reporter-output>
          </reporter-output>
        </test-method> <!-- testFour -->
        <test-method signature="testThree()[pri:0, instance:testNGSamplesB834.SampleTest3@a2431d0]" started-at="2023-07-18T07:08:55 GMT" name="testThree" finished-at="2023-07-18T07:08:55 GMT" duration-ms="3" status="PASS">
          <reporter-output>
          </reporter-output>
        </test-method> <!-- testThree -->
      </class> <!-- testNGSamplesB834.SampleTest3 -->
    </test> <!-- Test -->
  </suite> <!-- Suite -->
</testng-results>
